0 info it worked if it ends with ok
1 verbose cli [
1 verbose cli   '/nix/store/wfxq6w9bkp5dcfr8yb6789b0w7128gnb-nodejs-20.18.1/bin/node',
1 verbose cli   '/home/runner/CRASH-MD/node_modules/.bin/npm',
1 verbose cli   'run',
1 verbose cli   'start'
1 verbose cli ]
2 info using npm@2.15.12
3 info using node@v20.18.1
4 verbose run-script [ 'prestart', 'start', 'poststart' ]
5 info prestart CHAMI_MD@1.0.0
6 info start CHAMI_MD@1.0.0
7 verbose unsafe-perm in lifecycle true
8 info CHAMI_MD@1.0.0 Failed to exec start script
9 verbose stack Error: CHAMI_MD@1.0.0 start: `pm2 start index.js --deep-monitoring --attach --name CHAMI_MD`
9 verbose stack Exit status 1
9 verbose stack     at EventEmitter.<anonymous> (/home/runner/CRASH-MD/node_modules/npm/lib/utils/lifecycle.js:217:16)
9 verbose stack     at EventEmitter.emit (node:events:518:28)
9 verbose stack     at ChildProcess.<anonymous> (/home/runner/CRASH-MD/node_modules/npm/lib/utils/spawn.js:24:14)
9 verbose stack     at ChildProcess.emit (node:events:518:28)
9 verbose stack     at maybeClose (node:internal/child_process:1104:16)
9 verbose stack     at ChildProcess._handle.onexit (node:internal/child_process:304:5)
10 verbose pkgid CHAMI_MD@1.0.0
11 verbose cwd /home/runner/CRASH-MD
12 error Linux 6.2.16
13 error argv "/nix/store/wfxq6w9bkp5dcfr8yb6789b0w7128gnb-nodejs-20.18.1/bin/node" "/home/runner/CRASH-MD/node_modules/.bin/npm" "run" "start"
14 error node v20.18.1
15 error npm  v2.15.12
16 error code ELIFECYCLE
17 error CHAMI_MD@1.0.0 start: `pm2 start index.js --deep-monitoring --attach --name CHAMI_MD`
17 error Exit status 1
18 error Failed at the CHAMI_MD@1.0.0 start script 'pm2 start index.js --deep-monitoring --attach --name CHAMI_MD'.
18 error This is most likely a problem with the CHAMI_MD package,
18 error not with npm itself.
18 error Tell the author that this fails on your system:
18 error     pm2 start index.js --deep-monitoring --attach --name CHAMI_MD
18 error You can get information on how to open an issue for this project with:
18 error     npm bugs CHAMI_MD
18 error Or if that isn't available, you can get their info via:
18 error
18 error     npm owner ls CHAMI_MD
18 error There is likely additional logging output above.
19 verbose exit [ 1, true ]
